#
# A fatal error has been detected by the Java Runtime Environment:
#
#  SIGSEGV (0xb) at pc=0x00007fdc5420fb00, pid=17406, tid=17411
#
# JRE version: OpenJDK Runtime Environment (11.0.4+11) (build 11.0.4+11-post-Ubuntu-1ubuntu218.04.3)
# Java VM: OpenJDK 64-Bit Server VM (11.0.4+11-post-Ubuntu-1ubuntu218.04.3, mixed mode, sharing, tiered, compressed oops, g1 gc, linux-amd64)
# Problematic frame:
# V  [libjvm.so+0xd45b00]
#
# Core dump will be written. Default location: Core dumps may be processed with "/usr/share/apport/apport %p %s %c %d %P" (or dumping to /home/admin1/javafuncational/bridgelabfun/core.17406)
#
# If you would like to submit a bug report, please visit:
#   https://bugs.launchpad.net/ubuntu/+source/openjdk-lts
#

---------------  S U M M A R Y ------------

Command Line: -agentlib:jdwp=transport=dt_socket,suspend=y,address=localhost:38903 -javaagent:/home/admin1/eclipse/jee-2019-032/eclipse/configuration/org.eclipse.osgi/404/0/.cp/lib/javaagent-shaded.jar -Dfile.encoding=UTF-8 --module-path=/home/admin1/javafuncational/bridgelabfun/bin -Djdk.module.main=bridgelabfun bridgelabfun/com.bridgelabz.algorithmprograms.adas

Host: Intel(R) Core(TM) i5-2500 CPU @ 3.30GHz, 4 cores, 7G, Ubuntu 18.04.1 LTS
Time: Thu Oct  3 12:13:26 2019 IST elapsed time: 4260 seconds (0d 1h 11m 0s)

---------------  T H R E A D  ---------------

Current thread (0x00007fdc4c013800):  JavaThread "main" [_thread_in_vm, id=17411, stack(0x00007fdc55630000,0x00007fdc55731000)]

Stack: [0x00007fdc55630000,0x00007fdc55731000],  sp=0x00007fdc5572f840,  free space=1022k
Native frames: (J=compiled Java code, A=aot compiled Java code, j=interpreted, Vv=VM code, C=native code)
V  [libjvm.so+0xd45b00]
V  [libjvm.so+0x64560d]
V  [libjvm.so+0x83231c]
j  com.bridgelabz.algorithmprograms.adas.main([Ljava/lang/String;)V+0 bridgelabfun
v  ~StubRoutines::call_stub
V  [libjvm.so+0x841c99]
V  [libjvm.so+0x8b9c7d]
V  [libjvm.so+0x8bbd6e]
C  [libjli.so+0x5856]
C  [libjli.so+0x92cd]

Java frames: (J=compiled Java code, j=interpreted, Vv=VM code)
j  com.bridgelabz.algorithmprograms.adas.main([Ljava/lang/String;)V+0 bridgelabfun
v  ~StubRoutines::call_stub

siginfo: si_signo: 11 (SIGSEGV), si_code: 1 (SEGV_MAPERR), si_addr: 0x0000000000000000

Register to memory mapping:

RAX=0x00007fdc4c014618 points into unknown readable memory: 38 f7 86 8c 00 00 00 00
RBX=0x0 is NULL
RCX=0x0000000000000001 is an unknown value
RDX=0x00007fdc4c014618 points into unknown readable memory: 38 f7 86 8c 00 00 00 00
RSP=0x00007fdc5572f840 is pointing into the stack for thread: 0x00007fdc4c013800
RBP=0x00007fdc5572f8b0 is pointing into the stack for thread: 0x00007fdc4c013800
RSI=0x00007fdc4c014610 points into unknown readable memory: c0 2c b3 8c 00 00 00 00
RDI=0x0 is NULL
R8 =0x00007fdc4c013800 is a thread
R9 =0x00007fdc4c014618 points into unknown readable memory: 38 f7 86 8c 00 00 00 00
R10=0x00007fdc548c9fc0: <offset 0x00000000013fffc0> in /usr/lib/jvm/java-11-openjdk-amd64/lib/server/libjvm.so at 0x00007fdc534ca000
R11=0x0 is NULL
R12=0x00007fdc4c013800 is a thread
R13=0x0000000000000001 is an unknown value
R14=0x00007fdc4c013800 is a thread
R15=0x00007fdc4c014610 points into unknown readable memory: c0 2c b3 8c 00 00 00 00


Registers:
RAX=0x00007fdc4c014618, RBX=0x0000000000000000, RCX=0x0000000000000001, RDX=0x00007fdc4c014618
RSP=0x00007fdc5572f840, RBP=0x00007fdc5572f8b0, RSI=0x00007fdc4c014610, RDI=0x0000000000000000
R8 =0x00007fdc4c013800, R9 =0x00007fdc4c014618, R10=0x00007fdc548c9fc0, R11=0x0000000000000000
R12=0x00007fdc4c013800, R13=0x0000000000000001, R14=0x00007fdc4c013800, R15=0x00007fdc4c014610
RIP=0x00007fdc5420fb00, EFLAGS=0x0000000000010202, CSGSFS=0x002b000000000033, ERR=0x0000000000000004
  TRAPNO=0x000000000000000e

Top of Stack: (sp=0x00007fdc5572f840)
0x00007fdc5572f840:   00007fdc4c00a090 000000020000000a
0x00007fdc5572f850:   00007fdc5572f8b0 00007fdc4c013800
0x00007fdc5572f860:   00007fdc25c572a0 00007fdc4c013800
0x00007fdc5572f870:   00007fdc4c013800 00007fdc4c0145c0 

Instructions: (pc=0x00007fdc5420fb00)
0x00007fdc5420fa00:   8d 05 5a 95 6c 00 4c 8b 4d c8 48 8d 35 37 ed 19
0x00007fdc5420fa10:   00 ba dc 00 00 00 4c 89 ff 48 8b 88 90 04 00 00
0x00007fdc5420fa20:   e8 2b 54 9c ff 49 83 3c 24 00 74 14 48 8b 75 b0
0x00007fdc5420fa30:   4c 89 ef e8 18 fb 68 ff 4c 89 e7 e8 60 eb 68 ff
0x00007fdc5420fa40:   48 8b 45 b8 4d 89 65 10 4d 89 75 18 49 89 45 20
0x00007fdc5420fa50:   e9 c6 fd ff ff 0f 1f 00 4c 89 f9 31 d2 31 f6 48
0x00007fdc5420fa60:   89 df e8 89 d6 ff ff 49 89 c6 e9 5a fd ff ff 90
0x00007fdc5420fa70:   e8 bb d8 ca ff 84 c0 0f 84 9e fd ff ff 49 8b 57
0x00007fdc5420fa80:   08 e9 3b ff ff ff 4c 89 f9 31 d2 31 f6 48 89 c7
0x00007fdc5420fa90:   48 89 45 98 e8 67 cb ff ff 4c 8b 5d 98 49 89 c6
0x00007fdc5420faa0:   e9 ec fd ff ff e8 f6 56 fe ff 49 89 c0 48 8d 05
0x00007fdc5420fab0:   ac 94 6c 00 48 8d 35 8d ec 19 00 ba e7 00 00 00
0x00007fdc5420fac0:   4c 89 ff 48 8b 88 80 03 00 00 e8 a1 56 9c ff 4c
0x00007fdc5420fad0:   8b 4d a0 e9 92 fe ff ff 0f 1f 84 00 00 00 00 00
0x00007fdc5420fae0:   55 49 89 d1 48 89 e5 41 57 41 56 41 55 41 54 49
0x00007fdc5420faf0:   89 f7 53 41 89 cd 48 89 fb 4d 89 c6 48 83 ec 48
0x00007fdc5420fb00:   0f b7 37 66 83 fe 01 0f 87 63 01 00 00 44 0f b7
0x00007fdc5420fb10:   e6 41 83 fc 01 7e 0a 80 7b 06 4c 0f 84 7f 00 00
0x00007fdc5420fb20:   00 4c 89 f1 4c 89 ca 4c 89 fe 48 89 df e8 ce ca
0x00007fdc5420fb30:   ff ff 49 89 c4 49 8b 56 08 48 85 d2 0f 84 5e 01
0x00007fdc5420fb40:   00 00 45 84 ed 74 40 48 8d 05 7e f2 68 00 48 8b
0x00007fdc5420fb50:   35 f3 fe 6a 00 80 38 00 0f 84 fa 01 00 00 48 8d
0x00007fdc5420fb60:   05 eb 29 66 00 8b 7a 08 8b 48 08 48 d3 e7 8b 4e
0x00007fdc5420fb70:   10 48 03 38 48 3b 34 0f 0f 84 eb 01 00 00 83 f9
0x00007fdc5420fb80:   20 0f 84 99 02 00 00 45 31 e4 48 83 c4 48 4c 89
0x00007fdc5420fb90:   e0 5b 41 5c 41 5d 41 5e 41 5f 5d c3 0f 1f 40 00
0x00007fdc5420fba0:   41 8d 44 24 ff 48 98 80 7c 03 06 3b 0f 85 6f ff
0x00007fdc5420fbb0:   ff ff 4d 8b 86 70 02 00 00 48 89 df 4c 89 4d 98
0x00007fdc5420fbc0:   49 8b 40 10 4c 89 45 a0 48 89 45 b8 49 8b 40 18
0x00007fdc5420fbd0:   48 89 45 b0 49 8b 40 20 48 89 45 a8 49 8b 40 28
0x00007fdc5420fbe0:   48 89 45 90 e8 b7 55 fe ff 41 8d 74 24 fe 48 8d
0x00007fdc5420fbf0:   78 01 4c 89 f2 45 31 e4 e8 03 86 fe ff 49 83 7e 


Stack slot to memory mapping:
stack at sp + 0 slots: 0x00007fdc4c00a090 points into unknown readable memory: 80 79 86 54 dc 7f 00 00
stack at sp + 1 slots: 0x000000020000000a is an unknown value
stack at sp + 2 slots: 0x00007fdc5572f8b0 is pointing into the stack for thread: 0x00007fdc4c013800
stack at sp + 3 slots: 0x00007fdc4c013800 is a thread
stack at sp + 4 slots: {method} {0x00007fdc25c572a0} 'main' '([Ljava/lang/String;)V' in 'com/bridgelabz/algorithmprograms/adas'
stack at sp + 5 slots: 0x00007fdc4c013800 is a thread
stack at sp + 6 slots: 0x00007fdc4c013800 is a thread
stack at sp + 7 slots: 0x00007fdc4c0145c0 points into unknown readable memory: 02 00 00 00 00 00 00 00


---------------  P R O C E S S  ---------------

Threads class SMR info:
_java_thread_list=0x00007fdc4c285c90, length=12, elements={
0x00007fdc4c013800, 0x00007fdc4c171000, 0x00007fdc4c173000, 0x00007fdc4c178800,
0x00007fdc4c17a800, 0x00007fdc4c17c800, 0x00007fdc4c17e800, 0x00007fdc4c1bd800,
0x00007fdc4c223800, 0x00007fdc4c227000, 0x00007fdbf8001800, 0x00007fdc4c282800
}

Java Threads: ( => current thread )
=>0x00007fdc4c013800 JavaThread "main" [_thread_in_vm, id=17411, stack(0x00007fdc55630000,0x00007fdc55731000)]
  0x00007fdc4c171000 JavaThread "Reference Handler" daemon [_thread_blocked, id=17420, stack(0x00007fdc340ca000,0x00007fdc341cb000)]
  0x00007fdc4c173000 JavaThread "Finalizer" daemon [_thread_blocked, id=17421, stack(0x00007fdc2c17f000,0x00007fdc2c280000)]
  0x00007fdc4c178800 JavaThread "Signal Dispatcher" daemon [_thread_blocked, id=17422, stack(0x00007fdc2c07e000,0x00007fdc2c17f000)]
  0x00007fdc4c17a800 JavaThread "C2 CompilerThread0" daemon [_thread_blocked, id=17423, stack(0x00007fdc24d30000,0x00007fdc24e31000)]
  0x00007fdc4c17c800 JavaThread "C1 CompilerThread0" daemon [_thread_blocked, id=17424, stack(0x00007fdc24c2f000,0x00007fdc24d30000)]
  0x00007fdc4c17e800 JavaThread "Sweeper thread" daemon [_thread_blocked, id=17425, stack(0x00007fdc24b2e000,0x00007fdc24c2f000)]
  0x00007fdc4c1bd800 JavaThread "Common-Cleaner" daemon [_thread_blocked, id=17426, stack(0x00007fdc24605000,0x00007fdc24706000)]
  0x00007fdc4c223800 JavaThread "JDWP Transport Listener: dt_socket" daemon [_thread_blocked, id=17428, stack(0x00007fdc242fe000,0x00007fdc243ff000)]
  0x00007fdc4c227000 JavaThread "JDWP Event Helper Thread" daemon [_thread_blocked, id=17429, stack(0x00007fdc241fd000,0x00007fdc242fe000)]
  0x00007fdbf8001800 JavaThread "JDWP Command Reader" daemon [_thread_in_native, id=17430, stack(0x00007fdc240fc000,0x00007fdc241fd000)]
  0x00007fdc4c282800 JavaThread "Service Thread" daemon [_thread_blocked, id=17435, stack(0x00007fdbebeff000,0x00007fdbec000000)]

Other Threads:
  0x00007fdc4c16e000 VMThread "VM Thread" [stack: 0x00007fdc341cd000,0x00007fdc342cd000] [id=17419]
  0x00007fdc4c289000 WatcherThread [stack: 0x00007fdbebdff000,0x00007fdbebeff000] [id=17436]
  0x00007fdc4c02a000 GCTaskThread "GC Thread#0" [stack: 0x00007fdc511dc000,0x00007fdc512dc000] [id=17414]
  0x00007fdc4c05b000 ConcurrentGCThread "G1 Main Marker" [stack: 0x00007fdc5014e000,0x00007fdc5024e000] [id=17415]
  0x00007fdc4c05c800 ConcurrentGCThread "G1 Conc#0" [stack: 0x00007fdc5004c000,0x00007fdc5014c000] [id=17416]
  0x00007fdc4c0d4800 ConcurrentGCThread "G1 Refine#0" [stack: 0x00007fdc34452000,0x00007fdc34552000] [id=17417]
  0x00007fdc4c0d6800 ConcurrentGCThread "G1 Young RemSet Sampling" [stack: 0x00007fdc34350000,0x00007fdc34450000] [id=17418]

Threads with active compile tasks:

VM state:not at safepoint (normal execution)

VM Mutex/Monitor currently owned by a thread: None

Heap address: 0x0000000085000000, size: 1968 MB, Compressed Oops mode: 32-bit
Narrow klass base: 0x0000000800000000, Narrow klass shift: 3
Compressed class space size: 1073741824 Address: 0x0000000840000000

Heap:
 garbage-first heap   total 129024K, used 3704K [0x0000000085000000, 0x0000000100000000)
  region size 1024K, 5 young (5120K), 0 survivors (0K)
 Metaspace       used 3086K, capacity 4940K, committed 5120K, reserved 1056768K
  class space    used 300K, capacity 454K, committed 512K, reserved 1048576K
Heap Regions: E=young(eden), S=young(survivor), O=old, HS=humongous(starts), HC=humongous(continues), CS=collection set, F=free, A=archive, TAMS=top-at-mark-start (previous, next)
|   0|0x0000000085000000, 0x0000000085000000, 0x0000000085100000|  0%| F|  |TAMS 0x0000000085000000, 0x0000000085000000| Untracked 
|   1|0x0000000085100000, 0x0000000085100000, 0x0000000085200000|  0%| F|  |TAMS 0x0000000085100000, 0x0000000085100000| Untracked 
|   2|0x0000000085200000, 0x0000000085200000, 0x0000000085300000|  0%| F|  |TAMS 0x0000000085200000, 0x0000000085200000| Untracked 
|   3|0x0000000085300000, 0x0000000085300000, 0x0000000085400000|  0%| F|  |TAMS 0x0000000085300000, 0x0000000085300000| Untracked 
|   4|0x0000000085400000, 0x0000000085400000, 0x0000000085500000|  0%| F|  |TAMS 0x0000000085400000, 0x0000000085400000| Untracked 
|   5|0x0000000085500000, 0x0000000085500000, 0x0000000085600000|  0%| F|  |TAMS 0x0000000085500000, 0x0000000085500000| Untracked 
|   6|0x0000000085600000, 0x0000000085600000, 0x0000000085700000|  0%| F|  |TAMS 0x0000000085600000, 0x0000000085600000| Untracked 
|   7|0x0000000085700000, 0x0000000085700000, 0x0000000085800000|  0%| F|  |TAMS 0x0000000085700000, 0x0000000085700000| Untracked 
|   8|0x0000000085800000, 0x0000000085800000, 0x0000000085900000|  0%| F|  |TAMS 0x0000000085800000, 0x0000000085800000| Untracked 
|   9|0x0000000085900000, 0x0000000085900000, 0x0000000085a00000|  0%| F|  |TAMS 0x0000000085900000, 0x0000000085900000| Untracked 
|  10|0x0000000085a00000, 0x0000000085a00000, 0x0000000085b00000|  0%| F|  |TAMS 0x0000000085a00000, 0x0000000085a00000| Untracked 
|  11|0x0000000085b00000, 0x0000000085b00000, 0x0000000085c00000|  0%| F|  |TAMS 0x0000000085b00000, 0x0000000085b00000| Untracked 
|  12|0x0000000085c00000, 0x0000000085c00000, 0x0000000085d00000|  0%| F|  |TAMS 0x0000000085c00000, 0x0000000085c00000| Untracked 
|  13|0x0000000085d00000, 0x0000000085d00000, 0x0000000085e00000|  0%| F|  |TAMS 0x0000000085d00000, 0x0000000085d00000| Untracked 
|  14|0x0000000085e00000, 0x0000000085e00000, 0x0000000085f00000|  0%| F|  |TAMS 0x0000000085e00000, 0x0000000085e00000| Untracked 
|  15|0x0000000085f00000, 0x0000000085f00000, 0x0000000086000000|  0%| F|  |TAMS 0x0000000085f00000, 0x0000000085f00000| Untracked 
|  16|0x0000000086000000, 0x0000000086000000, 0x0000000086100000|  0%| F|  |TAMS 0x0000000086000000, 0x0000000086000000| Untracked 
|  17|0x0000000086100000, 0x0000000086100000, 0x0000000086200000|  0%| F|  |TAMS 0x0000000086100000, 0x0000000086100000| Untracked 
|  18|0x0000000086200000, 0x0000000086200000, 0x0000000086300000|  0%| F|  |TAMS 0x0000000086200000, 0x0000000086200000| Untracked 
|  19|0x0000000086300000, 0x0000000086300000, 0x0000000086400000|  0%| F|  |TAMS 0x0000000086300000, 0x0000000086300000| Untracked 
|  20|0x0000000086400000, 0x0000000086400000, 0x0000000086500000|  0%| F|  |TAMS 0x0000000086400000, 0x0000000086400000| Untracked 
|  21|0x0000000086500000, 0x0000000086500000, 0x0000000086600000|  0%| F|  |TAMS 0x0000000086500000, 0x0000000086500000| Untracked 
|  22|0x0000000086600000, 0x0000000086600000, 0x0000000086700000|  0%| F|  |TAMS 0x0000000086600000, 0x0000000086600000| Untracked 
|  23|0x0000000086700000, 0x0000000086700000, 0x0000000086800000|  0%| F|  |TAMS 0x0000000086700000, 0x0000000086700000| Untracked 
|  24|0x0000000086800000, 0x0000000086800000, 0x0000000086900000|  0%| F|  |TAMS 0x0000000086800000, 0x0000000086800000| Untracked 
|  25|0x0000000086900000, 0x0000000086900000, 0x0000000086a00000|  0%| F|  |TAMS 0x0000000086900000, 0x0000000086900000| Untracked 
|  26|0x0000000086a00000, 0x0000000086a00000, 0x0000000086b00000|  0%| F|  |TAMS 0x0000000086a00000, 0x0000000086a00000| Untracked 
|  27|0x0000000086b00000, 0x0000000086b00000, 0x0000000086c00000|  0%| F|  |TAMS 0x0000000086b00000, 0x0000000086b00000| Untracked 
|  28|0x0000000086c00000, 0x0000000086c00000, 0x0000000086d00000|  0%| F|  |TAMS 0x0000000086c00000, 0x0000000086c00000| Untracked 
|  29|0x0000000086d00000, 0x0000000086d00000, 0x0000000086e00000|  0%| F|  |TAMS 0x0000000086d00000, 0x0000000086d00000| Untracked 
|  30|0x0000000086e00000, 0x0000000086e00000, 0x0000000086f00000|  0%| F|  |TAMS 0x0000000086e00000, 0x0000000086e00000| Untracked 
|  31|0x0000000086f00000, 0x0000000086f00000, 0x0000000087000000|  0%| F|  |TAMS 0x0000000086f00000, 0x0000000086f00000| Untracked 
|  32|0x0000000087000000, 0x0000000087000000, 0x0000000087100000|  0%| F|  |TAMS 0x0000000087000000, 0x0000000087000000| Untracked 
|  33|0x0000000087100000, 0x0000000087100000, 0x0000000087200000|  0%| F|  |TAMS 0x0000000087100000, 0x0000000087100000| Untracked 
|  34|0x0000000087200000, 0x0000000087200000, 0x0000000087300000|  0%| F|  |TAMS 0x0000000087200000, 0x0000000087200000| Untracked 
|  35|0x0000000087300000, 0x0000000087300000, 0x0000000087400000|  0%| F|  |TAMS 0x0000000087300000, 0x0000000087300000| Untracked 
|  36|0x0000000087400000, 0x0000000087400000, 0x0000000087500000|  0%| F|  |TAMS 0x0000000087400000, 0x0000000087400000| Untracked 
|  37|0x0000000087500000, 0x0000000087500000, 0x0000000087600000|  0%| F|  |TAMS 0x0000000087500000, 0x0000000087500000| Untracked 
|  38|0x0000000087600000, 0x0000000087600000, 0x0000000087700000|  0%| F|  |TAMS 0x0000000087600000, 0x0000000087600000| Untracked 
|  39|0x0000000087700000, 0x0000000087700000, 0x0000000087800000|  0%| F|  |TAMS 0x0000000087700000, 0x0000000087700000| Untracked 
|  40|0x0000000087800000, 0x0000000087800000, 0x0000000087900000|  0%| F|  |TAMS 0x0000000087800000, 0x0000000087800000| Untracked 
|  41|0x0000000087900000, 0x0000000087900000, 0x0000000087a00000|  0%| F|  |TAMS 0x0000000087900000, 0x0000000087900000| Untracked 
|  42|0x0000000087a00000, 0x0000000087a00000, 0x0000000087b00000|  0%| F|  |TAMS 0x0000000087a00000, 0x0000000087a00000| Untracked 
|  43|0x0000000087b00000, 0x0000000087b00000, 0x0000000087c00000|  0%| F|  |TAMS 0x0000000087b00000, 0x0000000087b00000| Untracked 
|  44|0x0000000087c00000, 0x0000000087c00000, 0x0000000087d00000|  0%| F|  |TAMS 0x0000000087c00000, 0x0000000087c00000| Untracked 
|  45|0x0000000087d00000, 0x0000000087d00000, 0x0000000087e00000|  0%| F|  |TAMS 0x0000000087d00000, 0x0000000087d00000| Untracked 
|  46|0x0000000087e00000, 0x0000000087e00000, 0x0000000087f00000|  0%| F|  |TAMS 0x0000000087e00000, 0x0000000087e00000| Untracked 
|  47|0x0000000087f00000, 0x0000000087f00000, 0x0000000088000000|  0%| F|  |TAMS 0x0000000087f00000, 0x0000000087f00000| Untracked 
|  48|0x0000000088000000, 0x0000000088000000, 0x0000000088100000|  0%| F|  |TAMS 0x0000000088000000, 0x0000000088000000| Untracked 
|  49|0x0000000088100000, 0x0000000088100000, 0x0000000088200000|  0%| F|  |TAMS 0x0000000088100000, 0x0000000088100000| Untracked 
|  50|0x0000000088200000, 0x0000000088200000, 0x0000000088300000|  0%| F|  |TAMS 0x0000000088200000, 0x0000000088200000| Untracked 
|  51|0x0000000088300000, 0x0000000088300000, 0x0000000088400000|  0%| F|  |TAMS 0x0000000088300000, 0x0000000088300000| Untracked 
|  52|0x0000000088400000, 0x0000000088400000, 0x0000000088500000|  0%| F|  |TAMS 0x0000000088400000, 0x0000000088400000| Untracked 
|  53|0x0000000088500000, 0x0000000088500000, 0x0000000088600000|  0%| F|  |TAMS 0x0000000088500000, 0x0000000088500000| Untracked 
|  54|0x0000000088600000, 0x0000000088600000, 0x0000000088700000|  0%| F|  |TAMS 0x0000000088600000, 0x0000000088600000| Untracked 
|  55|0x0000000088700000, 0x0000000088700000, 0x0000000088800000|  0%| F|  |TAMS 0x0000000088700000, 0x0000000088700000| Untracked 
|  56|0x0000000088800000, 0x0000000088800000, 0x0000000088900000|  0%| F|  |TAMS 0x0000000088800000, 0x0000000088800000| Untracked 
|  57|0x0000000088900000, 0x0000000088900000, 0x0000000088a00000|  0%| F|  |TAMS 0x0000000088900000, 0x0000000088900000| Untracked 
|  58|0x0000000088a00000, 0x0000000088a00000, 0x0000000088b00000|  0%| F|  |TAMS 0x0000000088a00000, 0x0000000088a00000| Untracked 
|  59|0x0000000088b00000, 0x0000000088b00000, 0x0000000088c00000|  0%| F|  |TAMS 0x0000000088b00000, 0x0000000088b00000| Untracked 
|  60|0x0000000088c00000, 0x0000000088c00000, 0x0000000088d00000|  0%| F|  |TAMS 0x0000000088c00000, 0x0000000088c00000| Untracked 
|  61|0x0000000088d00000, 0x0000000088d00000, 0x0000000088e00000|  0%| F|  |TAMS 0x0000000088d00000, 0x0000000088d00000| Untracked 
|  62|0x0000000088e00000, 0x0000000088e00000, 0x0000000088f00000|  0%| F|  |TAMS 0x0000000088e00000, 0x0000000088e00000| Untracked 
|  63|0x0000000088f00000, 0x0000000088f00000, 0x0000000089000000|  0%| F|  |TAMS 0x0000000088f00000, 0x0000000088f00000| Untracked 
|  64|0x0000000089000000, 0x0000000089000000, 0x0000000089100000|  0%| F|  |TAMS 0x0000000089000000, 0x0000000089000000| Untracked 
|  65|0x0000000089100000, 0x0000000089100000, 0x0000000089200000|  0%| F|  |TAMS 0x0000000089100000, 0x0000000089100000| Untracked 
|  66|0x0000000089200000, 0x0000000089200000, 0x0000000089300000|  0%| F|  |TAMS 0x0000000089200000, 0x0000000089200000| Untracked 
|  67|0x0000000089300000, 0x0000000089300000, 0x0000000089400000|  0%| F|  |TAMS 0x0000000089300000, 0x0000000089300000| Untracked 
|  68|0x0000000089400000, 0x0000000089400000, 0x0000000089500000|  0%| F|  |TAMS 0x0000000089400000, 0x0000000089400000| Untracked 
|  69|0x0000000089500000, 0x0000000089500000, 0x0000000089600000|  0%| F|  |TAMS 0x0000000089500000, 0x0000000089500000| Untracked 
|  70|0x0000000089600000, 0x0000000089600000, 0x0000000089700000|  0%| F|  |TAMS 0x0000000089600000, 0x0000000089600000| Untracked 
|  71|0x0000000089700000, 0x0000000089700000, 0x0000000089800000|  0%| F|  |TAMS 0x0000000089700000, 0x0000000089700000| Untracked 
|  72|0x0000000089800000, 0x0000000089800000, 0x0000000089900000|  0%| F|  |TAMS 0x0000000089800000, 0x0000000089800000| Untracked 
|  73|0x0000000089900000, 0x0000000089900000, 0x0000000089a00000|  0%| F|  |TAMS 0x0000000089900000, 0x0000000089900000| Untracked 
|  74|0x0000000089a00000, 0x0000000089a00000, 0x0000000089b00000|  0%| F|  |TAMS 0x0000000089a00000, 0x0000000089a00000| Untracked 
|  75|0x0000000089b00000, 0x0000000089b00000, 0x0000000089c00000|  0%| F|  |TAMS 0x0000000089b00000, 0x0000000089b00000| Untracked 
|  76|0x0000000089c00000, 0x0000000089c00000, 0x0000000089d00000|  0%| F|  |TAMS 0x0000000089c00000, 0x0000000089c00000| Untracked 
|  77|0x0000000089d00000, 0x0000000089d00000, 0x0000000089e00000|  0%| F|  |TAMS 0x0000000089d00000, 0x0000000089d00000| Untracked 
|  78|0x0000000089e00000, 0x0000000089e00000, 0x0000000089f00000|  0%| F|  |TAMS 0x0000000089e00000, 0x0000000089e00000| Untracked 
|  79|0x0000000089f00000, 0x0000000089f00000, 0x000000008a000000|  0%| F|  |TAMS 0x0000000089f00000, 0x0000000089f00000| Untracked 
|  80|0x000000008a000000, 0x000000008a000000, 0x000000008a100000|  0%| F|  |TAMS 0x000000008a000000, 0x000000008a000000| Untracked 
|  81|0x000000008a100000, 0x000000008a100000, 0x000000008a200000|  0%| F|  |TAMS 0x000000008a100000, 0x000000008a100000| Untracked 
|  82|0x000000008a200000, 0x000000008a200000, 0x000000008a300000|  0%| F|  |TAMS 0x000000008a200000, 0x000000008a200000| Untracked 
|  83|0x000000008a300000, 0x000000008a300000, 0x000000008a400000|  0%| F|  |TAMS 0x000000008a300000, 0x000000008a300000| Untracked 
|  84|0x000000008a400000, 0x000000008a400000, 0x000000008a500000|  0%| F|  |TAMS 0x000000008a400000, 0x000000008a400000| Untracked 
|  85|0x000000008a500000, 0x000000008a500000, 0x000000008a600000|  0%| F|  |TAMS 0x000000008a500000, 0x000000008a500000| Untracked 
|  86|0x000000008a600000, 0x000000008a600000, 0x000000008a700000|  0%| F|  |TAMS 0x000000008a600000, 0x000000008a600000| Untracked 
|  87|0x000000008a700000, 0x000000008a700000, 0x000000008a800000|  0%| F|  |TAMS 0x000000008a700000, 0x000000008a700000| Untracked 
|  88|0x000000008a800000, 0x000000008a800000, 0x000000008a900000|  0%| F|  |TAMS 0x000000008a800000, 0x000000008a800000| Untracked 
|  89|0x000000008a900000, 0x000000008a900000, 0x000000008aa00000|  0%| F|  |TAMS 0x000000008a900000, 0x000000008a900000| Untracked 
|  90|0x000000008aa00000, 0x000000008aa00000, 0x000000008ab00000|  0%| F|  |TAMS 0x000000008aa00000, 0x000000008aa00000| Untracked 
|  91|0x000000008ab00000, 0x000000008ab00000, 0x000000008ac00000|  0%| F|  |TAMS 0x000000008ab00000, 0x000000008ab00000| Untracked 
|  92|0x000000008ac00000, 0x000000008ac00000, 0x000000008ad00000|  0%| F|  |TAMS 0x000000008ac00000, 0x000000008ac00000| Untracked 
|  93|0x000000008ad00000, 0x000000008ad00000, 0x000000008ae00000|  0%| F|  |TAMS 0x000000008ad00000, 0x000000008ad00000| Untracked 
|  94|0x000000008ae00000, 0x000000008ae00000, 0x000000008af00000|  0%| F|  |TAMS 0x000000008ae00000, 0x000000008ae00000| Untracked 
|  95|0x000000008af00000, 0x000000008af00000, 0x000000008b000000|  0%| F|  |TAMS 0x000000008af00000, 0x000000008af00000| Untracked 
|  96|0x000000008b000000, 0x000000008b000000, 0x000000008b100000|  0%| F|  |TAMS 0x000000008b000000, 0x000000008b000000| Untracked 
|  97|0x000000008b100000, 0x000000008b100000, 0x000000008b200000|  0%| F|  |TAMS 0x000000008b100000, 0x000000008b100000| Untracked 
|  98|0x000000008b200000, 0x000000008b200000, 0x000000008b300000|  0%| F|  |TAMS 0x000000008b200000, 0x000000008b200000| Untracked 
|  99|0x000000008b300000, 0x000000008b300000, 0x000000008b400000|  0%| F|  |TAMS 0x000000008b300000, 0x000000008b300000| Untracked 
| 100|0x000000008b400000, 0x000000008b400000, 0x000000008b500000|  0%| F|  |TAMS 0x000000008b400000, 0x000000008b400000| Untracked 
| 101|0x000000008b500000, 0x000000008b500000, 0x000000008b600000|  0%| F|  |TAMS 0x000000008b500000, 0x000000008b500000| Untracked 
| 102|0x000000008b600000, 0x000000008b600000, 0x000000008b700000|  0%| F|  |TAMS 0x000000008b600000, 0x000000008b600000| Untracked 
| 103|0x000000008b700000, 0x000000008b700000, 0x000000008b800000|  0%| F|  |TAMS 0x000000008b700000, 0x000000008b700000| Untracked 
| 104|0x000000008b800000, 0x000000008b800000, 0x000000008b900000|  0%| F|  |TAMS 0x000000008b800000, 0x000000008b800000| Untracked 
| 105|0x000000008b900000, 0x000000008b900000, 0x000000008ba00000|  0%| F|  |TAMS 0x000000008b900000, 0x000000008b900000| Untracked 
| 106|0x000000008ba00000, 0x000000008ba00000, 0x000000008bb00000|  0%| F|  |TAMS 0x000000008ba00000, 0x000000008ba00000| Untracked 
| 107|0x000000008bb00000, 0x000000008bb00000, 0x000000008bc00000|  0%| F|  |TAMS 0x000000008bb00000, 0x000000008bb00000| Untracked 
| 108|0x000000008bc00000, 0x000000008bc00000, 0x000000008bd00000|  0%| F|  |TAMS 0x000000008bc00000, 0x000000008bc00000| Untracked 
| 109|0x000000008bd00000, 0x000000008bd00000, 0x000000008be00000|  0%| F|  |TAMS 0x000000008bd00000, 0x000000008bd00000| Untracked 
| 110|0x000000008be00000, 0x000000008be00000, 0x000000008bf00000|  0%| F|  |TAMS 0x000000008be00000, 0x000000008be00000| Untracked 
| 111|0x000000008bf00000, 0x000000008bf00000, 0x000000008c000000|  0%| F|  |TAMS 0x000000008bf00000, 0x000000008bf00000| Untracked 
| 112|0x000000008c000000, 0x000000008c000000, 0x000000008c100000|  0%| F|  |TAMS 0x000000008c000000, 0x000000008c000000| Untracked 
| 113|0x000000008c100000, 0x000000008c100000, 0x000000008c200000|  0%| F|  |TAMS 0x000000008c100000, 0x000000008c100000| Untracked 
| 114|0x000000008c200000, 0x000000008c200000, 0x000000008c300000|  0%| F|  |TAMS 0x000000008c200000, 0x000000008c200000| Untracked 
| 115|0x000000008c300000, 0x000000008c300000, 0x000000008c400000|  0%| F|  |TAMS 0x000000008c300000, 0x000000008c300000| Untracked 
| 116|0x000000008c400000, 0x000000008c400000, 0x000000008c500000|  0%| F|  |TAMS 0x000000008c400000, 0x000000008c400000| Untracked 
| 117|0x000000008c500000, 0x000000008c500000, 0x000000008c600000|  0%| F|  |TAMS 0x000000008c500000, 0x000000008c500000| Untracked 
| 118|0x000000008c600000, 0x000000008c600000, 0x000000008c700000|  0%| F|  |TAMS 0x000000008c600000, 0x000000008c600000| Untracked 
| 119|0x000000008c700000, 0x000000008c790938, 0x000000008c800000| 56%| E|  |TAMS 0x000000008c700000, 0x000000008c700000| Complete 
| 120|0x000000008c800000, 0x000000008c900000, 0x000000008c900000|100%| E|CS|TAMS 0x000000008c800000, 0x000000008c800000| Complete 
| 121|0x000000008c900000, 0x000000008ca00000, 0x000000008ca00000|100%| E|  |TAMS 0x000000008c900000, 0x000000008c900000| Complete 
| 122|0x000000008ca00000, 0x000000008cb00000, 0x000000008cb00000|100%| E|CS|TAMS 0x000000008ca00000, 0x000000008ca00000| Complete 
| 123|0x000000008cb00000, 0x000000008cc00000, 0x000000008cc00000|100%| E|CS|TAMS 0x000000008cb00000, 0x000000008cb00000| Complete 
|1966|0x00000000ffe00000, 0x00000000ffe34000, 0x00000000fff00000| 20%|OA|  |TAMS 0x00000000ffe00000, 0x00000000ffe00000| Untracked 
|1967|0x00000000fff00000, 0x00000000fff6a000, 0x0000000100000000| 41%|CA|  |TAMS 0x00000000fff00000, 0x00000000fff00000| Untracked 

Card table byte_map: [0x00007fdc50626000,0x00007fdc509fe000] _byte_map_base: 0x00007fdc501fe000

Marking Bits (Prev, Next): (CMBitMap*) 0x00007fdc4c0523a8, (CMBitMap*) 0x00007fdc4c0523e0
 Prev Bits: [0x00007fdc2e140000, 0x00007fdc30000000)
 Next Bits: [0x00007fdc2c280000, 0x00007fdc2e140000)

Polling page: 0x00007fdc55746000

Metaspace:

Usage:
  Non-class:      4.38 MB capacity,     2.72 MB ( 62%) used,     1.66 MB ( 38%) free+waste,     4.00 KB ( <1%) overhead. 
      Class:    454.00 KB capacity,   300.34 KB ( 66%) used,   151.41 KB ( 33%) free+waste,     2.25 KB ( <1%) overhead. 
       Both:      4.82 MB capacity,     3.01 MB ( 62%) used,     1.80 MB ( 37%) free+waste,     6.25 KB ( <1%) overhead. 

Virtual space:
  Non-class space:        8.00 MB reserved,       4.50 MB ( 56%) committed 
      Class space:        1.00 GB reserved,     512.00 KB ( <1%) committed 
             Both:        1.01 GB reserved,       5.00 MB ( <1%) committed 

Chunk freelists:
   Non-Class:  58.00 KB
       Class:  26.00 KB
        Both:  84.00 KB

CodeHeap 'non-profiled nmethods': size=120032Kb used=113Kb max_used=113Kb free=119918Kb
 bounds [0x00007fdc3c41e000, 0x00007fdc3c68e000, 0x00007fdc43956000]
CodeHeap 'profiled nmethods': size=120032Kb used=600Kb max_used=600Kb free=119431Kb
 bounds [0x00007fdc34ee6000, 0x00007fdc35156000, 0x00007fdc3c41e000]
CodeHeap 'non-nmethods': size=5696Kb used=1132Kb max_used=1145Kb free=4563Kb
 bounds [0x00007fdc34956000, 0x00007fdc34bc6000, 0x00007fdc34ee6000]
 total_blobs=857 nmethods=396 adapters=281
 compilation: enabled
              stopped_count=0, restarted_count=0
 full_count=0

Compilation events (10 events):
Event: 1399.867 Thread 0x00007fdc4c17c800  392       3       org.eclipse.jdt.launching.internal.org.objectweb.asm.Label::accept (65 bytes)
Event: 1399.867 Thread 0x00007fdc4c17c800 nmethod 392 0x00007fdc34f79e10 code [0x00007fdc34f7a000, 0x00007fdc34f7a5c8]
Event: 1417.651 Thread 0x00007fdc4c17c800  393       3       org.eclipse.jdt.launching.internal.org.objectweb.asm.ClassReader::readInt (52 bytes)
Event: 1417.651 Thread 0x00007fdc4c17c800 nmethod 393 0x00007fdc34f7a790 code [0x00007fdc34f7a940, 0x00007fdc34f7ab90]
Event: 1512.566 Thread 0x00007fdc4c17c800  395       3       org.eclipse.jdt.launching.internal.org.objectweb.asm.MethodWriter::visitMethodInsn (191 bytes)
Event: 1512.567 Thread 0x00007fdc4c17c800 nmethod 395 0x00007fdc34f7ac90 code [0x00007fdc34f7aee0, 0x00007fdc34f7b828]
Event: 1512.567 Thread 0x00007fdc4c17c800  394       1       java.lang.Integer::intValue (5 bytes)
Event: 1512.567 Thread 0x00007fdc4c17c800 nmethod 394 0x00007fdc3c43a290 code [0x00007fdc3c43a440, 0x00007fdc3c43a570]
Event: 2458.759 Thread 0x00007fdc4c17c800  396       3       org.eclipse.jdt.launching.internal.org.objectweb.asm.ByteVector::putInt (74 bytes)
Event: 2458.759 Thread 0x00007fdc4c17c800 nmethod 396 0x00007fdc34f7bb90 code [0x00007fdc34f7bd60, 0x00007fdc34f7c048]

GC Heap History (0 events):
No events

Deoptimization events (10 events):
Event: 0.545 Thread 0x00007fdc4c013800 DEOPT PACKING pc=0x00007fdc34f555ea sp=0x00007fdc5572bc50
Event: 0.545 Thread 0x00007fdc4c013800 DEOPT UNPACKING pc=0x00007fdc3498efba sp=0x00007fdc5572b138 mode 0
Event: 0.547 Thread 0x00007fdc4c013800 DEOPT PACKING pc=0x00007fdc34f555ea sp=0x00007fdc5572ce70
Event: 0.547 Thread 0x00007fdc4c013800 DEOPT UNPACKING pc=0x00007fdc3498efba sp=0x00007fdc5572c358 mode 0
Event: 0.548 Thread 0x00007fdc4c013800 DEOPT PACKING pc=0x00007fdc34f555ea sp=0x00007fdc5572ce70
Event: 0.548 Thread 0x00007fdc4c013800 DEOPT UNPACKING pc=0x00007fdc3498efba sp=0x00007fdc5572c358 mode 0
Event: 0.548 Thread 0x00007fdc4c013800 DEOPT PACKING pc=0x00007fdc34f555ea sp=0x00007fdc5572ce70
Event: 0.548 Thread 0x00007fdc4c013800 DEOPT UNPACKING pc=0x00007fdc3498efba sp=0x00007fdc5572c358 mode 0
Event: 0.553 Thread 0x00007fdc4c013800 DEOPT PACKING pc=0x00007fdc34f555ea sp=0x00007fdc5572cd90
Event: 0.553 Thread 0x00007fdc4c013800 DEOPT UNPACKING pc=0x00007fdc3498efba sp=0x00007fdc5572c278 mode 0

Classes redefined (7 events):
Event: 72.713 Thread 0x00007fdc4c16e000 redefined class name=com.bridgelabz.algorithmprograms.adas, count=1
Event: 96.182 Thread 0x00007fdc4c16e000 redefined class name=com.bridgelabz.algorithmprograms.adas, count=2
Event: 109.891 Thread 0x00007fdc4c16e000 redefined class name=com.bridgelabz.algorithmprograms.adas, count=3
Event: 126.222 Thread 0x00007fdc4c16e000 redefined class name=com.bridgelabz.algorithmprograms.adas, count=4
Event: 186.397 Thread 0x00007fdc4c16e000 redefined class name=com.bridgelabz.algorithmprograms.adas, count=5
Event: 201.319 Thread 0x00007fdc4c16e000 redefined class name=com.bridgelabz.algorithmprograms.adas, count=6
Event: 237.864 Thread 0x00007fdc4c16e000 redefined class name=com.bridgelabz.algorithmprograms.adas, count=7

Internal exceptions (2 events):
Event: 0.141 Thread 0x00007fdc4c013800 Exception <a 'java/lang/NoSuchMethodError'{0x000000008cbabc20}: 'int java.lang.invoke.DirectMethodHandle$Holder.invokeSpecial(java.lang.Object, java.lang.Object, java.lang.Object, java.lang.Object)'> (0x000000008cbabc20) thrown at [/build/openjdk-lts-7bqZ
Event: 0.146 Thread 0x00007fdc4c013800 Exception <a 'java/lang/NoSuchMethodError'{0x000000008cbbb918}: 'void java.lang.invoke.DirectMethodHandle$Holder.invokeVirtual(java.lang.Object, java.lang.Object)'> (0x000000008cbbb918) thrown at [/build/openjdk-lts-7bqZff/openjdk-lts-11.0.4+11/src/hotspo

Events (10 events):
Event: 4260.411 Executing nested VM operation: EnterInterpOnlyMode done
Event: 4260.411 Executing VM operation: SetFramePop done
Event: 4260.411 Executing VM operation: GetFrameLocation
Event: 4260.411 Executing VM operation: GetFrameLocation done
Event: 4260.411 Executing VM operation: GetCurrentLocation
Event: 4260.411 Executing VM operation: GetCurrentLocation done
Event: 4260.411 Executing VM operation: ChangeSingleStep
Event: 4260.411 Executing VM operation: ChangeSingleStep done
Event: 4260.412 Executing VM operation: GetFrameLocation
Event: 4260.412 Executing VM operation: GetFrameLocation done


Dynamic libraries:
85000000-8cc00000 rw-p 00000000 00:00 0 
8cc00000-ffe00000 ---p 00000000 00:00 0 
ffe00000-ffe34000 rw-p 01116000 08:02 14419820                           /usr/lib/jvm/java-11-openjdk-amd64/lib/server/classes.jsa
ffe34000-fff00000 rw-p 00000000 00:00 0 
fff00000-fff6a000 rw-p 010ac000 08:02 14419820                           /usr/lib/jvm/java-11-openjdk-amd64/lib/server/classes.jsa
fff6a000-100000000 rw-p 00000000 00:00 0 
800000000-800002000 rwxp 00001000 08:02 14419820                         /usr/lib/jvm/java-11-openjdk-amd64/lib/server/classes.jsa
800002000-8010ab000 rw-p 00003000 08:02 14419820                         /usr/lib/jvm/java-11-openjdk-amd64/lib/server/classes.jsa
840000000-840080000 rw-p 00000000 00:00 0 
840080000-880000000 ---p 00000000 00:00 0 
55ffa46f5000-55ffa46f6000 r-xp 00000000 08:02 14419424                   /usr/lib/jvm/java-11-openjdk-amd64/bin/java
55ffa48f6000-55ffa48f7000 r--p 00001000 08:02 14419424                   /usr/lib/jvm/java-11-openjdk-amd64/bin/java
55ffa48f7000-55ffa48f8000 rw-p 00002000 08:02 14419424                   /usr/lib/jvm/java-11-openjdk-amd64/bin/java
55ffa68b2000-55ffa68d3000 rw-p 00000000 00:00 0                          [heap]
7fdbdc000000-7fdbdc021000 rw-p 00000000 00:00 0 
7fdbdc021000-7fdbe0000000 ---p 00000000 00:00 0 
7fdbe4000000-7fdbe4021000 rw-p 00000000 00:00 0 
7fdbe4021000-7fdbe8000000 ---p 00000000 00:00 0 
7fdbebdfd000-7fdbebdfe000 ---p 00000000 00:00 0 
7fdbebdfe000-7fdbebeff000 rw-p 00000000 00:00 0 
7fdbebeff000-7fdbebf03000 ---p 00000000 00:00 0 
7fdbebf03000-7fdbec000000 rw-p 00000000 00:00 0 
7fdbec000000-7fdbec021000 rw-p 00000000 00:00 0 
7fdbec021000-7fdbf0000000 ---p 00000000 00:00 0 
7fdbf0000000-7fdbf0021000 rw-p 00000000 00:00 0 
7fdbf0021000-7fdbf4000000 ---p 00000000 00:00 0 
7fdbf4000000-7fdbf4021000 rw-p 00000000 00:00 0 
7fdbf4021000-7fdbf8000000 ---p 00000000 00:00 0 
7fdbf8000000-7fdbf8075000 rw-p 00000000 00:00 0 
7fdbf8075000-7fdbfc000000 ---p 00000000 00:00 0 
7fdbfc000000-7fdbfc0c9000 rw-p 00000000 00:00 0 
7fdbfc0c9000-7fdc00000000 ---p 00000000 00:00 0 
7fdc00000000-7fdc00021000 rw-p 00000000 00:00 0 
7fdc00021000-7fdc04000000 ---p 00000000 00:00 0 
7fdc04000000-7fdc04021000 rw-p 00000000 00:00 0 
7fdc04021000-7fdc08000000 ---p 00000000 00:00 0 
7fdc08000000-7fdc08248000 rw-p 00000000 00:00 0 
7fdc08248000-7fdc0c000000 ---p 00000000 00:00 0 
7fdc0c000000-7fdc0c021000 rw-p 00000000 00:00 0 
7fdc0c021000-7fdc10000000 ---p 00000000 00:00 0 
7fdc10000000-7fdc10021000 rw-p 00000000 00:00 0 
7fdc10021000-7fdc14000000 ---p 00000000 00:00 0 
7fdc14000000-7fdc14021000 rw-p 00000000 00:00 0 
7fdc14021000-7fdc18000000 ---p 00000000 00:00 0 
7fdc18000000-7fdc18021000 rw-p 00000000 00:00 0 
7fdc18021000-7fdc1c000000 ---p 00000000 00:00 0 
7fdc1c000000-7fdc1c021000 rw-p 00000000 00:00 0 
7fdc1c021000-7fdc20000000 ---p 00000000 00:00 0 
7fdc20000000-7fdc20021000 rw-p 00000000 00:00 0 
7fdc20021000-7fdc24000000 ---p 00000000 00:00 0 
7fdc240fc000-7fdc24100000 ---p 00000000 00:00 0 
7fdc24100000-7fdc241fd000 rw-p 00000000 00:00 0 
7fdc241fd000-7fdc24201000 ---p 00000000 00:00 0 
7fdc24201000-7fdc242fe000 rw-p 00000000 00:00 0 
7fdc242fe000-7fdc24302000 ---p 00000000 00:00 0 
7fdc24302000-7fdc243ff000 rw-p 00000000 00:00 0 
7fdc243ff000-7fdc24403000 r-xp 00000000 08:02 14432940                   /usr/lib/jvm/java-11-openjdk-amd64/lib/libdt_socket.so
7fdc24403000-7fdc24603000 ---p 00004000 08:02 14432940                   /usr/lib/jvm/java-11-openjdk-amd64/lib/libdt_socket.so
7fdc24603000-7fdc24604000 r--p 00004000 08:02 14432940                   /usr/lib/jvm/java-11-openjdk-amd64/lib/libdt_socket.so
7fdc24604000-7fdc24605000 rw-p 00005000 08:02 14432940                   /usr/lib/jvm/java-11-openjdk-amd64/lib/libdt_socket.so
7fdc24605000-7fdc24609000 ---p 00000000 00:00 0 
7fdc24609000-7fdc24706000 rw-p 00000000 00:00 0 
7fdc24706000-7fdc2471c000 r-xp 00000000 08:02 14432960                   /usr/lib/jvm/java-11-openjdk-amd64/lib/libnet.so
7fdc2471c000-7fdc2491b000 ---p 00016000 08:02 14432960                   /usr/lib/jvm/java-11-openjdk-amd64/lib/libnet.so
7fdc2491b000-7fdc2491c000 r--p 00015000 08:02 14432960                   /usr/lib/jvm/java-11-openjdk-amd64/lib/libnet.so
7fdc2491c000-7fdc2491d000 rw-p 00016000 08:02 14432960                   /usr/lib/jvm/java-11-openjdk-amd64/lib/libnet.so
7fdc2491d000-7fdc2492d000 r-xp 00000000 08:02 14432961                   /usr/lib/jvm/java-11-openjdk-amd64/lib/libnio.so
7fdc2492d000-7fdc24b2c000 ---p 00010000 08:02 14432961                   /usr/lib/jvm/java-11-openjdk-amd64/lib/libnio.so
7fdc24b2c000-7fdc24b2d000 r--p 0000f000 08:02 14432961                   /usr/lib/jvm/java-11-openjdk-amd64/lib/libnio.so
7fdc24b2d000-7fdc24b2e000 rw-p 00010000 08:02 14432961                   /usr/lib/jvm/java-11-openjdk-amd64/lib/libnio.so
7fdc24b2e000-7fdc24b32000 ---p 00000000 00:00 0 
7fdc24b32000-7fdc24c2f000 rw-p 00000000 00:00 0 
7fdc24c2f000-7fdc24c33000 ---p 00000000 00:00 0 
7fdc24c33000-7fdc24d30000 rw-p 00000000 00:00 0 
7fdc24d30000-7fdc24d34000 ---p 00000000 00:00 0 
7fdc24d34000-7fdc24e31000 rw-p 00000000 00:00 0 
7fdc24e31000-7fdc25800000 r--p 00000000 08:02 10492532                   /usr/lib/locale/locale-archive
7fdc25800000-7fdc25c80000 rw-p 00000000 00:00 0 
7fdc25c80000-7fdc26000000 ---p 00000000 00:00 0 
7fdc26000000-7fdc28000000 rw-p 00000000 00:00 0 
7fdc28000000-7fdc28021000 rw-p 00000000 00:00 0 
7fdc28021000-7fdc2c000000 ---p 00000000 00:00 0 
7fdc2c07e000-7fdc2c082000 ---p 00000000 00:00 0 
7fdc2c082000-7fdc2c17f000 rw-p 00000000 00:00 0 
7fdc2c17f000-7fdc2c183000 ---p 00000000 00:00 0 
7fdc2c183000-7fdc2c470000 rw-p 00000000 00:00 0 
7fdc2c470000-7fdc2e138000 ---p 00000000 00:00 0 
7fdc2e138000-7fdc2e330000 rw-p 00000000 00:00 0 
7fdc2e330000-7fdc2fff8000 ---p 00000000 00:00 0 
7fdc2fff8000-7fdc30000000 rw-p 00000000 00:00 0 
7fdc30000000-7fdc30021000 rw-p 00000000 00:00 0 
7fdc30021000-7fdc34000000 ---p 00000000 00:00 0 
7fdc340ca000-7fdc340ce000 ---p 00000000 00:00 0 
7fdc340ce000-7fdc341cb000 rw-p 00000000 00:00 0 
7fdc341cb000-7fdc341cc000 ---p 00000000 00:00 0 
7fdc341cc000-7fdc3434e000 rw-p 00000000 00:00 0 
7fdc3434e000-7fdc3434f000 ---p 00000000 00:00 0 
7fdc3434f000-7fdc34450000 rw-p 00000000 00:00 0 
7fdc34450000-7fdc34451000 ---p 00000000 00:00 0 
7fdc34451000-7fdc34956000 rw-p 00000000 00:00 0 
7fdc34956000-7fdc34bc6000 rwxp 00000000 00:00 0 
7fdc34bc6000-7fdc34ee6000 ---p 00000000 00:00 0 
7fdc34ee6000-7fdc35156000 rwxp 00000000 00:00 0 
7fdc35156000-7fdc3c41e000 ---p 00000000 00:00 0 
7fdc3c41e000-7fdc3c68e000 rwxp 00000000 00:00 0 
7fdc3c68e000-7fdc43956000 ---p 00000000 00:00 0 
7fdc43956000-7fdc4c000000 r--s 00000000 08:02 14432970                   /usr/lib/jvm/java-11-openjdk-amd64/lib/modules
7fdc4c000000-7fdc4c344000 rw-p 00000000 00:00 0 
7fdc4c344000-7fdc50000000 ---p 00000000 00:00 0 
7fdc5004a000-7fdc5004b000 ---p 00000000 00:00 0 
7fdc5004b000-7fdc5014c000 rw-p 00000000 00:00 0 
7fdc5014c000-7fdc5014d000 ---p 00000000 00:00 0 
7fdc5014d000-7fdc5028c000 rw-p 00000000 00:00 0 
7fdc5028c000-7fdc50625000 ---p 00000000 00:00 0 
7fdc50625000-7fdc50664000 rw-p 00000000 00:00 0 
7fdc50664000-7fdc509fd000 ---p 00000000 00:00 0 
7fdc509fd000-7fdc50a3c000 rw-p 00000000 00:00 0 
7fdc50a3c000-7fdc50dd5000 ---p 00000000 00:00 0 
7fdc50dd5000-7fdc511da000 rw-p 00000000 00:00 0 
7fdc511da000-7fdc511db000 ---p 00000000 00:00 0 
7fdc511db000-7fdc512e1000 rw-p 00000000 00:00 0 
7fdc512e1000-7fdc513c7000 ---p 00000000 00:00 0 
7fdc513c7000-7fdc513cc000 rw-p 00000000 00:00 0 
7fdc513cc000-7fdc514b2000 ---p 00000000 00:00 0 
7fdc514b2000-7fdc514b7000 r-xp 00000000 08:02 14432952                   /usr/lib/jvm/java-11-openjdk-amd64/lib/libjimage.so
7fdc514b7000-7fdc516b6000 ---p 00005000 08:02 14432952                   /usr/lib/jvm/java-11-openjdk-amd64/lib/libjimage.so
7fdc516b6000-7fdc516b7000 r--p 00004000 08:02 14432952                   /usr/lib/jvm/java-11-openjdk-amd64/lib/libjimage.so
7fdc516b7000-7fdc516b8000 rw-p 00005000 08:02 14432952                   /usr/lib/jvm/java-11-openjdk-amd64/lib/libjimage.so
7fdc516b8000-7fdc516bf000 r-xp 00000000 08:02 14432969                   /usr/lib/jvm/java-11-openjdk-amd64/lib/libzip.so
7fdc516bf000-7fdc518be000 ---p 00007000 08:02 14432969                   /usr/lib/jvm/java-11-openjdk-amd64/lib/libzip.so
7fdc518be000-7fdc518bf000 r--p 00006000 08:02 14432969                   /usr/lib/jvm/java-11-openjdk-amd64/lib/libzip.so
7fdc518bf000-7fdc518c0000 rw-p 00007000 08:02 14432969                   /usr/lib/jvm/java-11-openjdk-amd64/lib/libzip.so
7fdc518c0000-7fdc518cb000 r-xp 00000000 08:02 18092796                   /lib/x86_64-linux-gnu/libnss_files-2.27.so
7fdc518cb000-7fdc51aca000 ---p 0000b000 08:02 18092796                   /lib/x86_64-linux-gnu/libnss_files-2.27.so
7fdc51aca000-7fdc51acb000 r--p 0000a000 08:02 18092796                   /lib/x86_64-linux-gnu/libnss_files-2.27.so
7fdc51acb000-7fdc51acc000 rw-p 0000b000 08:02 18092796                   /lib/x86_64-linux-gnu/libnss_files-2.27.so
7fdc51acc000-7fdc51ad2000 rw-p 00000000 00:00 0 
7fdc51ad2000-7fdc51ae9000 r-xp 00000000 08:02 18092790                   /lib/x86_64-linux-gnu/libnsl-2.27.so
7fdc51ae9000-7fdc51ce8000 ---p 00017000 08:02 18092790                   /lib/x86_64-linux-gnu/libnsl-2.27.so
7fdc51ce8000-7fdc51ce9000 r--p 00016000 08:02 18092790                   /lib/x86_64-linux-gnu/libnsl-2.27.so
7fdc51ce9000-7fdc51cea000 rw-p 00017000 08:02 18092790                   /lib/x86_64-linux-gnu/libnsl-2.27.so
7fdc51cea000-7fdc51cec000 rw-p 00000000 00:00 0 
7fdc51cec000-7fdc51cf7000 r-xp 00000000 08:02 18092807                   /lib/x86_64-linux-gnu/libnss_nis-2.27.so
7fdc51cf7000-7fdc51ef6000 ---p 0000b000 08:02 18092807                   /lib/x86_64-linux-gnu/libnss_nis-2.27.so
7fdc51ef6000-7fdc51ef7000 r--p 0000a000 08:02 18092807                   /lib/x86_64-linux-gnu/libnss_nis-2.27.so
7fdc51ef7000-7fdc51ef8000 rw-p 0000b000 08:02 18092807                   /lib/x86_64-linux-gnu/libnss_nis-2.27.so
7fdc51ef8000-7fdc51f00000 r-xp 00000000 08:02 18092792                   /lib/x86_64-linux-gnu/libnss_compat-2.27.so
7fdc51f00000-7fdc52100000 ---p 00008000 08:02 18092792                   /lib/x86_64-linux-gnu/libnss_compat-2.27.so
7fdc52100000-7fdc52101000 r--p 00008000 08:02 18092792                   /lib/x86_64-linux-gnu/libnss_compat-2.27.so
7fdc52101000-7fdc52102000 rw-p 00009000 08:02 18092792                   /lib/x86_64-linux-gnu/libnss_compat-2.27.so
7fdc52102000-7fdc5210c000 r-xp 00000000 08:02 14432943                   /usr/lib/jvm/java-11-openjdk-amd64/lib/libinstrument.so
7fdc5210c000-7fdc5230b000 ---p 0000a000 08:02 14432943                   /usr/lib/jvm/java-11-openjdk-amd64/lib/libinstrument.so
7fdc5230b000-7fdc5230c000 r--p 00009000 08:02 14432943                   /usr/lib/jvm/java-11-openjdk-amd64/lib/libinstrument.so
7fdc5230c000-7fdc5230d000 rw-p 0000a000 08:02 14432943                   /usr/lib/jvm/java-11-openjdk-amd64/lib/libinstrument.so
7fdc5230d000-7fdc52348000 r-xp 00000000 08:02 14432951                   /usr/lib/jvm/java-11-openjdk-amd64/lib/libjdwp.so
7fdc52348000-7fdc52547000 ---p 0003b000 08:02 14432951                   /usr/lib/jvm/java-11-openjdk-amd64/lib/libjdwp.so
7fdc52547000-7fdc52548000 r--p 0003a000 08:02 14432951                   /usr/lib/jvm/java-11-openjdk-amd64/lib/libjdwp.so
7fdc52548000-7fdc52549000 rw-p 0003b000 08:02 14432951                   /usr/lib/jvm/java-11-openjdk-amd64/lib/libjdwp.so
7fdc52549000-7fdc52572000 r-xp 00000000 08:02 14432948                   /usr/lib/jvm/java-11-openjdk-amd64/lib/libjava.so
7fdc52572000-7fdc52771000 ---p 00029000 08:02 14432948                   /usr/lib/jvm/java-11-openjdk-amd64/lib/libjava.so
7fdc52771000-7fdc52772000 r--p 00028000 08:02 14432948                   /usr/lib/jvm/java-11-openjdk-amd64/lib/libjava.so
7fdc52772000-7fdc52774000 rw-p 00029000 08:02 14432948                   /usr/lib/jvm/java-11-openjdk-amd64/lib/libjava.so
7fdc52774000-7fdc52781000 r-xp 00000000 08:02 14432968                   /usr/lib/jvm/java-11-openjdk-amd64/lib/libverify.so
7fdc52781000-7fdc52980000 ---p 0000d000 08:02 14432968                   /usr/lib/jvm/java-11-openjdk-amd64/lib/libverify.so
7fdc52980000-7fdc52982000 r--p 0000c000 08:02 14432968                   /usr/lib/jvm/java-11-openjdk-amd64/lib/libverify.so
7fdc52982000-7fdc52983000 rw-p 0000e000 08:02 14432968                   /usr/lib/jvm/java-11-openjdk-amd64/lib/libverify.so
7fdc52983000-7fdc5298a000 r-xp 00000000 08:02 18092847                   /lib/x86_64-linux-gnu/librt-2.27.so
7fdc5298a000-7fdc52b89000 ---p 00007000 08:02 18092847                   /lib/x86_64-linux-gnu/librt-2.27.so
7fdc52b89000-7fdc52b8a000 r--p 00006000 08:02 18092847                   /lib/x86_64-linux-gnu/librt-2.27.so
7fdc52b8a000-7fdc52b8b000 rw-p 00007000 08:02 18092847                   /lib/x86_64-linux-gnu/librt-2.27.so
7fdc52b8b000-7fdc52ba2000 r-xp 00000000 08:02 18097827                   /lib/x86_64-linux-gnu/libgcc_s.so.1
7fdc52ba2000-7fdc52da1000 ---p 00017000 08:02 18097827                   /lib/x86_64-linux-gnu/libgcc_s.so.1
7fdc52da1000-7fdc52da2000 r--p 00016000 08:02 18097827                   /lib/x86_64-linux-gnu/libgcc_s.so.1
7fdc52da2000-7fdc52da3000 rw-p 00017000 08:02 18097827                   /lib/x86_64-linux-gnu/libgcc_s.so.1
7fdc52da3000-7fdc52f40000 r-xp 00000000 08:02 18092769                   /lib/x86_64-linux-gnu/libm-2.27.so
7fdc52f40000-7fdc5313f000 ---p 0019d000 08:02 18092769                   /lib/x86_64-linux-gnu/libm-2.27.so
7fdc5313f000-7fdc53140000 r--p 0019c000 08:02 18092769                   /lib/x86_64-linux-gnu/libm-2.27.so
7fdc53140000-7fdc53141000 rw-p 0019d000 08:02 18092769                   /lib/x86_64-linux-gnu/libm-2.27.so
7fdc53141000-7fdc532ba000 r-xp 00000000 08:02 10489417                   /usr/lib/x86_64-linux-gnu/libstdc++.so.6.0.25
7fdc532ba000-7fdc534ba000 ---p 00179000 08:02 10489417                   /usr/lib/x86_64-linux-gnu/libstdc++.so.6.0.25
7fdc534ba000-7fdc534c4000 r--p 00179000 08:02 10489417                   /usr/lib/x86_64-linux-gnu/libstdc++.so.6.0.25
7fdc534c4000-7fdc534c6000 rw-p 00183000 08:02 10489417                   /usr/lib/x86_64-linux-gnu/libstdc++.so.6.0.25
7fdc534c6000-7fdc534ca000 rw-p 00000000 00:00 0 
7fdc534ca000-7fdc54596000 r-xp 00000000 08:02 14432973                   /usr/lib/jvm/java-11-openjdk-amd64/lib/server/libjvm.so
7fdc54596000-7fdc54795000 ---p 010cc000 08:02 14432973                   /usr/lib/jvm/java-11-openjdk-amd64/lib/server/libjvm.so
7fdc54795000-7fdc54852000 r--p 010cb000 08:02 14432973                   /usr/lib/jvm/java-11-openjdk-amd64/lib/server/libjvm.so
7fdc54852000-7fdc5488b000 rw-p 01188000 08:02 14432973                   /usr/lib/jvm/java-11-openjdk-amd64/lib/server/libjvm.so
7fdc5488b000-7fdc548e1000 rw-p 00000000 00:00 0 
7fdc548e1000-7fdc548fb000 r-xp 00000000 08:02 18092839                   /lib/x86_64-linux-gnu/libpthread-2.27.so
7fdc548fb000-7fdc54afa000 ---p 0001a000 08:02 18092839                   /lib/x86_64-linux-gnu/libpthread-2.27.so
7fdc54afa000-7fdc54afb000 r--p 00019000 08:02 18092839                   /lib/x86_64-linux-gnu/libpthread-2.27.so
7fdc54afb000-7fdc54afc000 rw-p 0001a000 08:02 18092839                   /lib/x86_64-linux-gnu/libpthread-2.27.so
7fdc54afc000-7fdc54b00000 rw-p 00000000 00:00 0 
7fdc54b00000-7fdc54b03000 r-xp 00000000 08:02 18092729                   /lib/x86_64-linux-gnu/libdl-2.27.so
7fdc54b03000-7fdc54d02000 ---p 00003000 08:02 18092729                   /lib/x86_64-linux-gnu/libdl-2.27.so
7fdc54d02000-7fdc54d03000 r--p 00002000 08:02 18092729                   /lib/x86_64-linux-gnu/libdl-2.27.so
7fdc54d03000-7fdc54d04000 rw-p 00003000 08:02 18092729                   /lib/x86_64-linux-gnu/libdl-2.27.so
7fdc54d04000-7fdc54d20000 r-xp 00000000 08:02 18092878                   /lib/x86_64-linux-gnu/libz.so.1.2.11
7fdc54d20000-7fdc54f1f000 ---p 0001c000 08:02 18092878                   /lib/x86_64-linux-gnu/libz.so.1.2.11
7fdc54f1f000-7fdc54f20000 r--p 0001b000 08:02 18092878                   /lib/x86_64-linux-gnu/libz.so.1.2.11
7fdc54f20000-7fdc54f21000 rw-p 0001c000 08:02 18092878                   /lib/x86_64-linux-gnu/libz.so.1.2.11
7fdc54f21000-7fdc55108000 r-xp 00000000 08:02 18092706                   /lib/x86_64-linux-gnu/libc-2.27.so
7fdc55108000-7fdc55308000 ---p 001e7000 08:02 18092706                   /lib/x86_64-linux-gnu/libc-2.27.so
7fdc55308000-7fdc5530c000 r--p 001e7000 08:02 18092706                   /lib/x86_64-linux-gnu/libc-2.27.so
7fdc5530c000-7fdc5530e000 rw-p 001eb000 08:02 18092706                   /lib/x86_64-linux-gnu/libc-2.27.so
7fdc5530e000-7fdc55312000 rw-p 00000000 00:00 0 
7fdc55312000-7fdc55322000 r-xp 00000000 08:02 14432932                   /usr/lib/jvm/java-11-openjdk-amd64/lib/jli/libjli.so
7fdc55322000-7fdc55521000 ---p 00010000 08:02 14432932                   /usr/lib/jvm/java-11-openjdk-amd64/lib/jli/libjli.so
7fdc55521000-7fdc55522000 r--p 0000f000 08:02 14432932                   /usr/lib/jvm/java-11-openjdk-amd64/lib/jli/libjli.so
7fdc55522000-7fdc55523000 rw-p 00010000 08:02 14432932                   /usr/lib/jvm/java-11-openjdk-amd64/lib/jli/libjli.so
7fdc55523000-7fdc5554a000 r-xp 00000000 08:02 18092678                   /lib/x86_64-linux-gnu/ld-2.27.so
7fdc55587000-7fdc55629000 rw-p 00000000 00:00 0 
7fdc55629000-7fdc55630000 ---p 00000000 00:00 0 
7fdc55630000-7fdc55634000 ---p 00000000 00:00 0 
7fdc55634000-7fdc55733000 rw-p 00000000 00:00 0 
7fdc55735000-7fdc5573c000 r--s 00000000 08:02 10750907                   /usr/lib/x86_64-linux-gnu/gconv/gconv-modules.cache
7fdc5573c000-7fdc5573e000 r--s 00007000 08:02 10883484                   /usr/share/java/java-atk-wrapper.jar
7fdc5573e000-7fdc55746000 rw-s 00000000 08:02 16006005                   /tmp/hsperfdata_admin1/17406
7fdc55746000-7fdc55747000 ---p 00000000 00:00 0 
7fdc55747000-7fdc55748000 r--p 00000000 00:00 0 
7fdc55748000-7fdc5574a000 rw-p 00000000 00:00 0 
7fdc5574a000-7fdc5574b000 r--p 00027000 08:02 18092678                   /lib/x86_64-linux-gnu/ld-2.27.so
7fdc5574b000-7fdc5574c000 rw-p 00028000 08:02 18092678                   /lib/x86_64-linux-gnu/ld-2.27.so
7fdc5574c000-7fdc5574d000 rw-p 00000000 00:00 0 
7ffed23ae000-7ffed23cf000 rw-p 00000000 00:00 0                          [stack]
7ffed23d5000-7ffed23d8000 r--p 00000000 00:00 0                          [vvar]
7ffed23d8000-7ffed23da000 r-xp 00000000 00:00 0                          [vdso]
ffffffffff600000-ffffffffff601000 r-xp 00000000 00:00 0                  [vsyscall]


VM Arguments:
jvm_args: -agentlib:jdwp=transport=dt_socket,suspend=y,address=localhost:38903 -javaagent:/home/admin1/eclipse/jee-2019-032/eclipse/configuration/org.eclipse.osgi/404/0/.cp/lib/javaagent-shaded.jar -Dfile.encoding=UTF-8 --module-path=/home/admin1/javafuncational/bridgelabfun/bin -Djdk.module.main=bridgelabfun 
java_command: bridgelabfun/com.bridgelabz.algorithmprograms.adas
java_class_path (initial): <not set>
Launcher Type: SUN_STANDARD

[Global flags]
     intx CICompilerCount                          = 3                                         {product} {ergonomic}
     uint ConcGCThreads                            = 1                                         {product} {ergonomic}
     uint G1ConcRefinementThreads                  = 4                                         {product} {ergonomic}
   size_t G1HeapRegionSize                         = 1048576                                   {product} {ergonomic}
    uintx GCDrainStackTargetSize                   = 64                                        {product} {ergonomic}
   size_t InitialHeapSize                          = 130023424                                 {product} {ergonomic}
   size_t MarkStackSize                            = 4194304                                   {product} {ergonomic}
   size_t MaxHeapSize                              = 2063597568                                {product} {ergonomic}
   size_t MaxNewSize                               = 1237319680                                {product} {ergonomic}
   size_t MinHeapDeltaBytes                        = 1048576                                   {product} {ergonomic}
    uintx NonNMethodCodeHeapSize                   = 5830092                                {pd product} {ergonomic}
    uintx NonProfiledCodeHeapSize                  = 122914074                              {pd product} {ergonomic}
    uintx ProfiledCodeHeapSize                     = 122914074                              {pd product} {ergonomic}
    uintx ReservedCodeCacheSize                    = 251658240                              {pd product} {ergonomic}
     bool SegmentedCodeCache                       = true                                      {product} {ergonomic}
     bool UseCompressedClassPointers               = true                                 {lp64_product} {ergonomic}
     bool UseCompressedOops                        = true                                 {lp64_product} {ergonomic}
     bool UseG1GC                                  = true                                      {product} {ergonomic}

Logging:
Log output configuration:
 #0: stdout all=warning uptime,level,tags
 #1: stderr all=off uptime,level,tags

Environment Variables:
PATH=/home/admin1/.local/bin:/usr/local/sbin:/usr/local/bin:/usr/sbin:/usr/bin:/sbin:/bin:/usr/games:/usr/local/games:/snap/bin
USERNAME=admin1
SHELL=/bin/bash
DISPLAY=:0

Signal Handlers:
SIGSEGV: [libjvm.so+0xde5f50], sa_mask[0]=11111111011111111101111111111110, sa_flags=SA_RESTART|SA_SIGINFO
SIGBUS: [libjvm.so+0xde5f50], sa_mask[0]=11111111011111111101111111111110, sa_flags=SA_RESTART|SA_SIGINFO
SIGFPE: [libjvm.so+0xde5f50], sa_mask[0]=11111111011111111101111111111110, sa_flags=SA_RESTART|SA_SIGINFO
SIGPIPE: [libjvm.so+0xbba5b0], sa_mask[0]=11111111011111111101111111111110, sa_flags=SA_RESTART|SA_SIGINFO
SIGXFSZ: [libjvm.so+0xbba5b0], sa_mask[0]=11111111011111111101111111111110, sa_flags=SA_RESTART|SA_SIGINFO
SIGILL: [libjvm.so+0xde5f50], sa_mask[0]=11111111011111111101111111111110, sa_flags=SA_RESTART|SA_SIGINFO
SIGUSR2: [libjvm.so+0xbba450], sa_mask[0]=00100000000000000000000000000000, sa_flags=SA_RESTART|SA_SIGINFO
SIGHUP: [libjvm.so+0xbba7b0], sa_mask[0]=11111111011111111101111111111110, sa_flags=SA_RESTART|SA_SIGINFO
SIGINT: [libjvm.so+0xbba7b0], sa_mask[0]=11111111011111111101111111111110, sa_flags=SA_RESTART|SA_SIGINFO
SIGTERM: [libjvm.so+0xbba7b0], sa_mask[0]=11111111011111111101111111111110, sa_flags=SA_RESTART|SA_SIGINFO
SIGQUIT: [libjvm.so+0xbba7b0], sa_mask[0]=11111111011111111101111111111110, sa_flags=SA_RESTART|SA_SIGINFO


---------------  S Y S T E M  ---------------

OS:DISTRIB_ID=Ubuntu
DISTRIB_RELEASE=18.04
DISTRIB_CODENAME=bionic
DISTRIB_DESCRIPTION="Ubuntu 18.04.1 LTS"
uname:Linux 4.15.0-64-generic #73-Ubuntu SMP Thu Sep 12 13:16:13 UTC 2019 x86_64
libc:glibc 2.27 NPTL 2.27 
rlimit: STACK 8192k, CORE 0k, NPROC 30497, NOFILE 4096, AS infinity, DATA infinity, FSIZE infinity
load average:0.84 0.57 0.49

/proc/meminfo:
MemTotal:        8055860 kB
MemFree:          139004 kB
MemAvailable:    2171024 kB
Buffers:          883992 kB
Cached:          1586936 kB
SwapCached:          604 kB
Active:          5676012 kB
Inactive:        1773324 kB
Active(anon):    4505144 kB
Inactive(anon):   758804 kB
Active(file):    1170868 kB
Inactive(file):  1014520 kB
Unevictable:          80 kB
Mlocked:              80 kB
SwapTotal:       2097148 kB
SwapFree:        2088432 kB
Dirty:               712 kB
Writeback:             0 kB
AnonPages:       4977908 kB
Mapped:           721136 kB
Shmem:            289688 kB
Slab:             251952 kB
SReclaimable:     130368 kB
SUnreclaim:       121584 kB
KernelStack:       41376 kB
PageTables:        90888 kB
NFS_Unstable:          0 kB
Bounce:                0 kB
WritebackTmp:          0 kB
CommitLimit:     6125076 kB
Committed_AS:   24485288 kB
VmallocTotal:   34359738367 kB
VmallocUsed:           0 kB
VmallocChunk:          0 kB
HardwareCorrupted:     0 kB
AnonHugePages:         0 kB
ShmemHugePages:        0 kB
ShmemPmdMapped:        0 kB
CmaTotal:              0 kB
CmaFree:               0 kB
HugePages_Total:       0
HugePages_Free:        0
HugePages_Rsvd:        0
HugePages_Surp:        0
Hugepagesize:       2048 kB
DirectMap4k:      322872 kB
DirectMap2M:     7954432 kB


/proc/sys/kernel/threads-max (system-wide limit on the number of threads):
60994


/proc/sys/vm/max_map_count (maximum number of memory map areas a process may have):
262144


/proc/sys/kernel/pid_max (system-wide limit on number of process identifiers):
32768



container (cgroup) information:
container_type: cgroupv1
cpu_cpuset_cpus: 0-3
cpu_memory_nodes: 0
active_processor_count: 4
cpu_quota: -1
cpu_period: 100000
cpu_shares: -1
memory_limit_in_bytes: -1
memory_and_swap_limit_in_bytes: -2
memory_soft_limit_in_bytes: -1
memory_usage_in_bytes: 4326715392
memory_max_usage_in_bytes: 4344332288

Steal ticks since vm start: 0
Steal ticks percentage since vm start:  0.000

CPU:total 4 (initial active 4) (4 cores per cpu, 1 threads per core) family 6 model 42 stepping 7, cmov, cx8, fxsr, mmx, sse, sse2, sse3, ssse3, sse4.1, sse4.2, popcnt, avx, aes, clmul, tsc, tscinvbit
CPU Model and flags from /proc/cpuinfo:
model name	: Intel(R) Core(TM) i5-2500 CPU @ 3.30GHz
flags		: fpu vme de pse tsc msr pae mce cx8 apic sep mtrr pge mca cmov pat pse36 clflush dts acpi mmx fxsr sse sse2 ss ht tm pbe syscall nx rdtscp lm constant_tsc arch_perfmon pebs bts rep_good nopl xtopology nonstop_tsc cpuid aperfmperf pni pclmulqdq dtes64 monitor ds_cpl vmx smx est tm2 ssse3 cx16 xtpr pdcm pcid sse4_1 sse4_2 x2apic popcnt tsc_deadline_timer aes xsave avx lahf_lm epb pti ssbd ibrs ibpb stibp tpr_shadow vnmi flexpriority ept vpid xsaveopt dtherm ida arat pln pts md_clear flush_l1d

Memory: 4k page, physical 8055860k(139004k free), swap 2097148k(2088432k free)

vm_info: OpenJDK 64-Bit Server VM (11.0.4+11-post-Ubuntu-1ubuntu218.04.3) for linux-amd64 JRE (11.0.4+11-post-Ubuntu-1ubuntu218.04.3), built on Jul 18 2019 18:21:46 by "buildd" with gcc 7.4.0

END.
